
> rest-express@1.0.0 build
> tsx script/build.ts

building client...
vite v7.3.0 building client environment for production...
transforming...

A PostCSS plugin did not pass the `from` option to `postcss.parse`. This may cause imported assets to be incorrectly transformed. If you've recently added a PostCSS plugin that raised this warning, please contact the package author to fix the issue.
✓ 1797 modules transformed.
✗ Build failed in 1.19s
[vite:asset] Could not load /Users/muawiayh/Desktop/zengoswapcom 2/attached_assets/Copy_of_crypto_icons_-_btc_1768070926134.png (imported by client/src/components/CryptoIcon.tsx): ENOENT: no such file or directory, open '/Users/muawiayh/Desktop/zengoswapcom 2/attached_assets/Copy_of_crypto_icons_-_btc_1768070926134.png'
    at async open (node:internal/fs/promises:641:25)
    at async Object.readFile (node:internal/fs/promises:1279:14)
    at async fileToBuiltUrl (/Users/muawiayh/Desktop/zengoswapcom 2/node_modules/vite/dist/node/chunks/config.js:8777:18)
    at async Object.handler (/Users/muawiayh/Desktop/zengoswapcom 2/node_modules/vite/dist/node/chunks/config.js:8671:17)
    at async PluginDriver.hookFirstAndGetPlugin (/Users/muawiayh/Desktop/zengoswapcom 2/node_modules/rollup/dist/es/shared/node-entry.js:22376:28)
    at async <anonymous> (/Users/muawiayh/Desktop/zengoswapcom 2/node_modules/rollup/dist/es/shared/node-entry.js:21376:33)
    at async Queue.work (/Users/muawiayh/Desktop/zengoswapcom 2/node_modules/rollup/dist/es/shared/node-entry.js:22604:32) {
  errno: -2,
  code: 'PLUGIN_ERROR',
  syscall: 'open',
  path: '/Users/muawiayh/Desktop/zengoswapcom 2/attached_assets/Copy_of_crypto_icons_-_btc_1768070926134.png',
  pluginCode: 'ENOENT',
  plugin: 'vite:asset',
  hook: 'load',
  watchFiles: [
    '/Users/muawiayh/Desktop/zengoswapcom 2/client/index.html',
    '/Users/muawiayh/Desktop/zengoswapcom 2/client/src/main.tsx',
    '/Users/muawiayh/Desktop/zengoswapcom 2/package.json',
    '/Users/muawiayh/Desktop/zengoswapcom 2/node_modules/react/jsx-runtime.js',
    '/Users/muawiayh/Desktop/zengoswapcom 2/node_modules/react-helmet-async/lib/index.esm.js',
    '/Users/muawiayh/Desktop/zengoswapcom 2/node_modules/react-dom/client.js',
    '/Users/muawiayh/Desktop/zengoswapcom 2/client/src/App.tsx',
    '/Users/muawiayh/Desktop/zengoswapcom 2/client/src/index.css',
    '/Users/muawiayh/Desktop/zengoswapcom 2/client/src/components/glass/index.ts',
    '/Users/muawiayh/Desktop/zengoswapcom 2/client/src/hooks/use-toast.ts',
    '/Users/muawiayh/Desktop/zengoswapcom 2/client/src/hooks/use-upload.ts',
    '/Users/muawiayh/Desktop/zengoswapcom 2/client/src/hooks/useWebSocket.ts',
    '/Users/muawiayh/Desktop/zengoswapcom 2/client/src/lib/queryClient.ts',
    '/Users/muawiayh/Desktop/zengoswapcom 2/client/src/lib/seo-config.ts',
    '/Users/muawiayh/Desktop/zengoswapcom 2/client/src/lib/utils.ts',
    '/Users/muawiayh/Desktop/zengoswapcom 2/client/src/components/CryptoIcon.tsx',
    '/Users/muawiayh/Desktop/zengoswapcom 2/client/src/components/ObjectUploader.tsx',
    '/Users/muawiayh/Desktop/zengoswapcom 2/client/src/components/Seo.tsx',
    '/Users/muawiayh/Desktop/zengoswapcom 2/client/src/components/SeoFooter.tsx',
    '/Users/muawiayh/Desktop/zengoswapcom 2/client/src/components/TransactionCard.tsx',
    '/Users/muawiayh/Desktop/zengoswapcom 2/client/src/components/TransactionFeed.tsx',
    '/Users/muawiayh/Desktop/zengoswapcom 2/client/src/components/glass/CustomCursor.tsx',
    '/Users/muawiayh/Desktop/zengoswapcom 2/client/src/components/glass/GlassButton.tsx',
    '/Users/muawiayh/Desktop/zengoswapcom 2/client/src/components/glass/GlassCard.tsx',
    '/Users/muawiayh/Desktop/zengoswapcom 2/client/src/components/glass/GlassInput.tsx',
    '/Users/muawiayh/Desktop/zengoswapcom 2/client/src/components/glass/GlassModal.tsx',
    '/Users/muawiayh/Desktop/zengoswapcom 2/client/src/components/glass/GlassNavbar.tsx',
    '/Users/muawiayh/Desktop/zengoswapcom 2/client/src/components/glass/GlassPill.tsx',
    '/Users/muawiayh/Desktop/zengoswapcom 2/client/src/components/glass/PrismaticBackground.tsx',
    '/Users/muawiayh/Desktop/zengoswapcom 2/client/src/components/ui/accordion.tsx',
    '/Users/muawiayh/Desktop/zengoswapcom 2/client/src/components/ui/alert-dialog.tsx',
    '/Users/muawiayh/Desktop/zengoswapcom 2/client/src/components/ui/alert.tsx',
    '/Users/muawiayh/Desktop/zengoswapcom 2/client/src/components/ui/aspect-ratio.tsx',
    '/Users/muawiayh/Desktop/zengoswapcom 2/client/src/components/ui/avatar.tsx',
    '/Users/muawiayh/Desktop/zengoswapcom 2/client/src/components/ui/badge.tsx',
    '/Users/muawiayh/Desktop/zengoswapcom 2/client/src/components/ui/breadcrumb.tsx',
    '/Users/muawiayh/Desktop/zengoswapcom 2/client/src/components/ui/button.tsx',
    '/Users/muawiayh/Desktop/zengoswapcom 2/client/src/components/ui/calendar.tsx',
    '/Users/muawiayh/Desktop/zengoswapcom 2/client/src/components/ui/card.tsx',
    '/Users/muawiayh/Desktop/zengoswapcom 2/client/src/components/ui/carousel.tsx',
    '/Users/muawiayh/Desktop/zengoswapcom 2/client/src/components/ui/chart.tsx',
    '/Users/muawiayh/Desktop/zengoswapcom 2/client/src/components/ui/checkbox.tsx',
    '/Users/muawiayh/Desktop/zengoswapcom 2/client/src/components/ui/collapsible.tsx',
    '/Users/muawiayh/Desktop/zengoswapcom 2/client/src/components/ui/command.tsx',
    '/Users/muawiayh/Desktop/zengoswapcom 2/client/src/components/ui/context-menu.tsx',
    '/Users/muawiayh/Desktop/zengoswapcom 2/client/src/components/ui/dialog.tsx',
    '/Users/muawiayh/Desktop/zengoswapcom 2/client/src/components/ui/drawer.tsx',
    '/Users/muawiayh/Desktop/zengoswapcom 2/client/src/components/ui/dropdown-menu.tsx',
    '/Users/muawiayh/Desktop/zengoswapcom 2/client/src/components/ui/form.tsx',
    '/Users/muawiayh/Desktop/zengoswapcom 2/client/src/components/ui/hover-card.tsx',
    '/Users/muawiayh/Desktop/zengoswapcom 2/client/src/components/ui/input-otp.tsx',
    '/Users/muawiayh/Desktop/zengoswapcom 2/client/src/components/ui/input.tsx',
    '/Users/muawiayh/Desktop/zengoswapcom 2/client/src/components/ui/label.tsx',
    '/Users/muawiayh/Desktop/zengoswapcom 2/client/src/components/ui/menubar.tsx',
    '/Users/muawiayh/Desktop/zengoswapcom 2/client/src/components/ui/navigation-menu.tsx',
    '/Users/muawiayh/Desktop/zengoswapcom 2/client/src/components/ui/pagination.tsx',
    '/Users/muawiayh/Desktop/zengoswapcom 2/client/src/components/ui/popover.tsx',
    '/Users/muawiayh/Desktop/zengoswapcom 2/client/src/components/ui/progress.tsx',
    '/Users/muawiayh/Desktop/zengoswapcom 2/client/src/components/ui/radio-group.tsx',
    '/Users/muawiayh/Desktop/zengoswapcom 2/client/src/components/ui/resizable.tsx',
    '/Users/muawiayh/Desktop/zengoswapcom 2/client/src/components/ui/scroll-area.tsx',
    '/Users/muawiayh/Desktop/zengoswapcom 2/client/src/components/ui/select.tsx',
    '/Users/muawiayh/Desktop/zengoswapcom 2/client/src/components/ui/separator.tsx',
    '/Users/muawiayh/Desktop/zengoswapcom 2/client/src/components/ui/sheet.tsx',
    '/Users/muawiayh/Desktop/zengoswapcom 2/client/src/components/ui/sidebar.tsx',
    '/Users/muawiayh/Desktop/zengoswapcom 2/client/src/components/ui/skeleton.tsx',
    '/Users/muawiayh/Desktop/zengoswapcom 2/client/src/components/ui/slider.tsx',
    '/Users/muawiayh/Desktop/zengoswapcom 2/client/src/components/ui/switch.tsx',
    '/Users/muawiayh/Desktop/zengoswapcom 2/client/src/components/ui/table.tsx',
    '/Users/muawiayh/Desktop/zengoswapcom 2/client/src/components/ui/tabs.tsx',
    '/Users/muawiayh/Desktop/zengoswapcom 2/client/src/components/ui/textarea.tsx',
    '/Users/muawiayh/Desktop/zengoswapcom 2/client/src/components/ui/toast.tsx',
    '/Users/muawiayh/Desktop/zengoswapcom 2/client/src/components/ui/toaster.tsx',
    '/Users/muawiayh/Desktop/zengoswapcom 2/client/src/components/ui/toggle-group.tsx',
    '/Users/muawiayh/Desktop/zengoswapcom 2/client/src/components/ui/toggle.tsx',
    '/Users/muawiayh/Desktop/zengoswapcom 2/client/src/components/ui/tooltip.tsx',
    '/Users/muawiayh/Desktop/zengoswapcom 2/client/src/hooks/use-mobile.tsx',
    '/Users/muawiayh/Desktop/zengoswapcom 2/client/src/pages/Admin.tsx',
    '/Users/muawiayh/Desktop/zengoswapcom 2/client/src/pages/BuyCryptoWithPaypal.tsx',
    '/Users/muawiayh/Desktop/zengoswapcom 2/client/src/pages/CardToCrypto.tsx',
    '/Users/muawiayh/Desktop/zengoswapcom 2/client/src/pages/CryptoSwapPage.tsx',
    '/Users/muawiayh/Desktop/zengoswapcom 2/client/src/pages/Exchange.tsx',
    '/Users/muawiayh/Desktop/zengoswapcom 2/client/src/pages/Faq.tsx',
    '/Users/muawiayh/Desktop/zengoswapcom 2/client/src/pages/Fees.tsx',
    '/Users/muawiayh/Desktop/zengoswapcom 2/client/src/pages/Home.tsx',
    '/Users/muawiayh/Desktop/zengoswapcom 2/client/src/pages/NoKycCrypto.tsx',
    '/Users/muawiayh/Desktop/zengoswapcom 2/client/src/pages/Sell.tsx',
    '/Users/muawiayh/Desktop/zengoswapcom 2/client/src/pages/Sitemap.tsx',
    '/Users/muawiayh/Desktop/zengoswapcom 2/client/src/pages/SupportedCoins.tsx',
    '/Users/muawiayh/Desktop/zengoswapcom 2/client/src/pages/Swap.tsx',
    '/Users/muawiayh/Desktop/zengoswapcom 2/client/src/pages/Verify.tsx',
    '/Users/muawiayh/Desktop/zengoswapcom 2/client/src/pages/not-found.tsx',
    '/Users/muawiayh/Desktop/zengoswapcom 2/tailwind.config.ts',
    '/Users/muawiayh/Desktop/zengoswapcom 2/node_modules/react/index.js',
    '/Users/muawiayh/Desktop/zengoswapcom 2/node_modules/react-fast-compare/index.js',
    '/Users/muawiayh/Desktop/zengoswapcom 2/node_modules/shallowequal/index.js',
    '/Users/muawiayh/Desktop/zengoswapcom 2/node_modules/invariant/browser.js',
    '/Users/muawiayh/Desktop/zengoswapcom 2/node_modules/react/cjs/react-jsx-runtime.production.min.js',
    '/Users/muawiayh/Desktop/zengoswapcom 2/node_modules/react-dom/index.js',
    '/Users/muawiayh/Desktop/zengoswapcom 2/node_modules/wouter/esm/index.js',
    ... 1734 more items
  ]
}
